# JRE version: Java(TM) SE Runtime Environment (8.0_73-b02) (build 1.8.0_73-b02)
# Java VM: Java HotSpot(TM) 64-Bit Server VM (25.73-b02 mixed mode windows-amd64 compressed oops)
Heap:
 PSYoungGen      total 109056K, used 14625K [0x00000000d5c00000, 0x00000000e0480000, 0x0000000100000000)
  eden space 95232K, 15% used [0x00000000d5c00000,0x00000000d6a48518,0x00000000db900000)
  from space 13824K, 0% used [0x00000000db900000,0x00000000db900000,0x00000000dc680000)
  to   space 15872K, 0% used [0x00000000df500000,0x00000000df500000,0x00000000e0480000)
 ParOldGen       total 105984K, used 20942K [0x0000000081400000, 0x0000000087b80000, 0x00000000d5c00000)
  object space 105984K, 19% used [0x0000000081400000,0x0000000082873bf8,0x0000000087b80000)
 Metaspace       used 37371K, capacity 37732K, committed 37888K, reserved 1083392K
  class space    used 4751K, capacity 4844K, committed 4864K, reserved 1048576K
GC Heap History (10 events):
Event: 2.388 GC heap before
{Heap before GC invocations=5 (full 1):
 PSYoungGen      total 71680K, used 5104K [0x00000000d5c00000, 0x00000000da700000, 0x0000000100000000)
  eden space 66560K, 0% used [0x00000000d5c00000,0x00000000d5c00000,0x00000000d9d00000)
  from space 5120K, 99% used [0x00000000da200000,0x00000000da6fc148,0x00000000da700000)
  to   space 5120K, 0% used [0x00000000d9d00000,0x00000000d9d00000,0x00000000da200000)
 ParOldGen       total 87552K, used 6746K [0x0000000081400000, 0x0000000086980000, 0x00000000d5c00000)
  object space 87552K, 7% used [0x0000000081400000,0x0000000081a96990,0x0000000086980000)
 Metaspace       used 20950K, capacity 21154K, committed 21296K, reserved 1069056K
  class space    used 2554K, capacity 2630K, committed 2688K, reserved 1048576K
Event: 2.426 GC heap after
Heap after GC invocations=5 (full 1):
 PSYoungGen      total 71680K, used 0K [0x00000000d5c00000, 0x00000000da700000, 0x0000000100000000)
  eden space 66560K, 0% used [0x00000000d5c00000,0x00000000d5c00000,0x00000000d9d00000)
  from space 5120K, 0% used [0x00000000da200000,0x00000000da200000,0x00000000da700000)
  to   space 5120K, 0% used [0x00000000d9d00000,0x00000000d9d00000,0x00000000da200000)
 ParOldGen       total 60928K, used 7729K [0x0000000081400000, 0x0000000084f80000, 0x00000000d5c00000)
  object space 60928K, 12% used [0x0000000081400000,0x0000000081b8c680,0x0000000084f80000)
 Metaspace       used 20950K, capacity 21154K, committed 21296K, reserved 1069056K
  class space    used 2554K, capacity 2630K, committed 2688K, reserved 1048576K
}
Event: 4.087 GC heap before
{Heap before GC invocations=6 (full 1):
 PSYoungGen      total 71680K, used 66560K [0x00000000d5c00000, 0x00000000da700000, 0x0000000100000000)
  eden space 66560K, 100% used [0x00000000d5c00000,0x00000000d9d00000,0x00000000d9d00000)
  from space 5120K, 0% used [0x00000000da200000,0x00000000da200000,0x00000000da700000)
  to   space 5120K, 0% used [0x00000000d9d00000,0x00000000d9d00000,0x00000000da200000)
 ParOldGen       total 60928K, used 7729K [0x0000000081400000, 0x0000000084f80000, 0x00000000d5c00000)
  object space 60928K, 12% used [0x0000000081400000,0x0000000081b8c680,0x0000000084f80000)
 Metaspace       used 26964K, capacity 27258K, committed 27520K, reserved 1073152K
  class space    used 3303K, capacity 3402K, committed 3456K, reserved 1048576K
Event: 4.099 GC heap after
Heap after GC invocations=6 (full 1):
 PSYoungGen      total 71680K, used 5117K [0x00000000d5c00000, 0x00000000dd100000, 0x0000000100000000)
  eden space 66560K, 0% used [0x00000000d5c00000,0x00000000d5c00000,0x00000000d9d00000)
  from space 5120K, 99% used [0x00000000d9d00000,0x00000000da1ff4d0,0x00000000da200000)
  to   space 10752K, 0% used [0x00000000dc680000,0x00000000dc680000,0x00000000dd100000)
 ParOldGen       total 60928K, used 13168K [0x0000000081400000, 0x0000000084f80000, 0x00000000d5c00000)
  object space 60928K, 21% used [0x0000000081400000,0x00000000820dc040,0x0000000084f80000)
 Metaspace       used 26964K, capacity 27258K, committed 27520K, reserved 1073152K
  class space    used 3303K, capacity 3402K, committed 3456K, reserved 1048576K
}
Event: 5.554 GC heap before
{Heap before GC invocations=7 (full 1):
 PSYoungGen      total 71680K, used 71677K [0x00000000d5c00000, 0x00000000dd100000, 0x0000000100000000)
  eden space 66560K, 100% used [0x00000000d5c00000,0x00000000d9d00000,0x00000000d9d00000)
  from space 5120K, 99% used [0x00000000d9d00000,0x00000000da1ff4d0,0x00000000da200000)
  to   space 10752K, 0% used [0x00000000dc680000,0x00000000dc680000,0x00000000dd100000)
 ParOldGen       total 60928K, used 13168K [0x0000000081400000, 0x0000000084f80000, 0x00000000d5c00000)
  object space 60928K, 21% used [0x0000000081400000,0x00000000820dc040,0x0000000084f80000)
 Metaspace       used 32970K, capacity 33352K, committed 33792K, reserved 1079296K
  class space    used 4162K, capacity 4262K, committed 4352K, reserved 1048576K
Event: 5.568 GC heap after
Heap after GC invocations=7 (full 1):
 PSYoungGen      total 105984K, used 10737K [0x00000000d5c00000, 0x00000000dd580000, 0x0000000100000000)
  eden space 95232K, 0% used [0x00000000d5c00000,0x00000000d5c00000,0x00000000db900000)
  from space 10752K, 99% used [0x00000000dc680000,0x00000000dd0fc7b8,0x00000000dd100000)
  to   space 13824K, 0% used [0x00000000db900000,0x00000000db900000,0x00000000dc680000)
 ParOldGen       total 60928K, used 15723K [0x0000000081400000, 0x0000000084f80000, 0x00000000d5c00000)
  object space 60928K, 25% used [0x0000000081400000,0x000000008235ac48,0x0000000084f80000)
 Metaspace       used 32970K, capacity 33352K, committed 33792K, reserved 1079296K
  class space    used 4162K, capacity 4262K, committed 4352K, reserved 1048576K
}
Event: 6.831 GC heap before
{Heap before GC invocations=8 (full 1):
 PSYoungGen      total 105984K, used 83814K [0x00000000d5c00000, 0x00000000dd580000, 0x0000000100000000)
  eden space 95232K, 76% used [0x00000000d5c00000,0x00000000da35d140,0x00000000db900000)
  from space 10752K, 99% used [0x00000000dc680000,0x00000000dd0fc7b8,0x00000000dd100000)
  to   space 13824K, 0% used [0x00000000db900000,0x00000000db900000,0x00000000dc680000)
 ParOldGen       total 60928K, used 15723K [0x0000000081400000, 0x0000000084f80000, 0x00000000d5c00000)
  object space 60928K, 25% used [0x0000000081400000,0x000000008235ac48,0x0000000084f80000)
 Metaspace       used 34853K, capacity 35226K, committed 35496K, reserved 1081344K
  class space    used 4404K, capacity 4521K, committed 4608K, reserved 1048576K
Event: 6.854 GC heap after
Heap after GC invocations=8 (full 1):
 PSYoungGen      total 109056K, used 13816K [0x00000000d5c00000, 0x00000000e0480000, 0x0000000100000000)
  eden space 95232K, 0% used [0x00000000d5c00000,0x00000000d5c00000,0x00000000db900000)
  from space 13824K, 99% used [0x00000000db900000,0x00000000dc67e058,0x00000000dc680000)
  to   space 15872K, 0% used [0x00000000df500000,0x00000000df500000,0x00000000e0480000)
 ParOldGen       total 60928K, used 16195K [0x0000000081400000, 0x0000000084f80000, 0x00000000d5c00000)
  object space 60928K, 26% used [0x0000000081400000,0x00000000823d0d60,0x0000000084f80000)
 Metaspace       used 34853K, capacity 35226K, committed 35496K, reserved 1081344K
  class space    used 4404K, capacity 4521K, committed 4608K, reserved 1048576K
}
Event: 6.854 GC heap before
{Heap before GC invocations=9 (full 2):
 PSYoungGen      total 109056K, used 13816K [0x00000000d5c00000, 0x00000000e0480000, 0x0000000100000000)
  eden space 95232K, 0% used [0x00000000d5c00000,0x00000000d5c00000,0x00000000db900000)
  from space 13824K, 99% used [0x00000000db900000,0x00000000dc67e058,0x00000000dc680000)
  to   space 15872K, 0% used [0x00000000df500000,0x00000000df500000,0x00000000e0480000)
 ParOldGen       total 60928K, used 16195K [0x0000000081400000, 0x0000000084f80000, 0x00000000d5c00000)
  object space 60928K, 26% used [0x0000000081400000,0x00000000823d0d60,0x0000000084f80000)
 Metaspace       used 34853K, capacity 35226K, committed 35496K, reserved 1081344K
  class space    used 4404K, capacity 4521K, committed 4608K, reserved 1048576K
Event: 6.971 GC heap after
Heap after GC invocations=9 (full 2):
 PSYoungGen      total 109056K, used 0K [0x00000000d5c00000, 0x00000000e0480000, 0x0000000100000000)
  eden space 95232K, 0% used [0x00000000d5c00000,0x00000000d5c00000,0x00000000db900000)
  from space 13824K, 0% used [0x00000000db900000,0x00000000db900000,0x00000000dc680000)
  to   space 15872K, 0% used [0x00000000df500000,0x00000000df500000,0x00000000e0480000)
 ParOldGen       total 105984K, used 20942K [0x0000000081400000, 0x0000000087b80000, 0x00000000d5c00000)
  object space 105984K, 19% used [0x0000000081400000,0x0000000082873bf8,0x0000000087b80000)
 Metaspace       used 34853K, capacity 35226K, committed 35496K, reserved 1081344K
  class space    used 4404K, capacity 4521K, committed 4608K, reserved 1048576K
}

